[2026-04-22T11:11:44.382Z] GET https://erjankg.github.io/site/ → pending (?ms, ?B)
[2026-04-22T11:11:47.426Z] GET https://pro-wildrift.com/ → 200 (510ms, 195124B)
[2026-04-22T11:11:47.962Z] GET https://pro-wildrift.com/styles.css → 200 (228ms, 128747B)
[2026-04-22T11:11:47.962Z] GET https://pro-wildrift.com/i18n.js → 200 (231ms, 53136B)
[2026-04-22T11:11:47.962Z] GET https://www.gstatic.com/firebasejs/10.12.2/firebase-app-compat.js → pending (?ms, ?B)
[2026-04-22T11:11:47.963Z] GET https://www.gstatic.com/firebasejs/10.12.2/firebase-auth-compat.js → pending (?ms, ?B)
[2026-04-22T11:11:47.963Z] GET https://www.gstatic.com/firebasejs/10.12.2/firebase-firestore-compat.js → pending (?ms, ?B)
[2026-04-22T11:11:47.963Z] GET https://www.gstatic.com/firebasejs/10.12.2/firebase-storage-compat.js → pending (?ms, ?B)
[2026-04-22T11:11:47.963Z] GET https://ddragon.leagueoflegends.com/cdn/14.24.1/img/champion/Sion.png → pending (?ms, ?B)
[2026-04-22T11:11:47.984Z] GET https://www.wildriftfire.com/images/items/thornmail.png → 200 (214ms, 3130B)
[2026-04-22T11:11:47.984Z] GET https://www.wildriftfire.com/images/items/blade-of-the-ruined-king.png → 200 (278ms, 3238B)
[2026-04-22T11:11:47.984Z] GET https://www.wildriftfire.com/images/items/sunfire-aegis.png → pending (?ms, ?B)
[2026-04-22T11:11:47.984Z] GET https://www.wildriftfire.com/images/items/liandrys-torment.png → pending (?ms, ?B)
[2026-04-22T11:11:47.986Z] GET https://www.wildriftfire.com/images/items/divine-sunderer.png → pending (?ms, ?B)
[2026-04-22T11:11:47.986Z] GET https://pro-wildrift.com/cms.js → pending (?ms, ?B)
[2026-04-22T11:11:47.986Z] GET https://pro-wildrift.com/app.js → pending (?ms, ?B)
[2026-04-22T11:11:47.986Z] GET https://pro-wildrift.com/draft.js → pending (?ms, ?B)
[2026-04-22T11:11:49.056Z] GET https://docs.google.com/spreadsheets/d/e/2PACX-1vQnqVwUluQiuho1Wj6A3tZRvDJsLlyAZYmg0soWy4EJ_Un00P8e3Y2EAo3Iv6KvMm5HPwce_0AnzPfb/pub?gid=0&single=true&output=tsv → pending (?ms, ?B)
[2026-04-22T11:11:49.122Z] POST https://firestore.googleapis.com/google.firestore.v1.Firestore/Listen/channel?VER=8&database=projects%2Fwildrift-stats-600c0%2Fdatabases%2F(default)&RID=61515&CVER=22&X-HTTP-Session-Id=gsessionid&zx=3zbdizhcc28r&t=1 → pending (?ms, ?B)
[2026-04-22T11:11:49.752Z] GET https://firestore.googleapis.com/google.firestore.v1.Firestore/Listen/channel?gsessionid=QnQ7X5O1455kA0ow5zDaQOVusspaQCbmiVMsLpN_7IYHaBSiaFk1Gg&VER=8&database=projects%2Fwildrift-stats-600c0%2Fdatabases%2F(default)&RID=rpc&SID=l-WOO5YTuxKivMpOYCtpKA&AID=0&CI=0&TYPE=xmlhttp&zx=hao98xxt8me2&t=1 → 200 (400ms, ?B)
[2026-04-22T11:11:49.893Z] GET https://doc-0o-b8-sheets.googleusercontent.com/pub/54bogvaave6cua4cdnls17ksc4/qbeodfacsittf7e40ngs7nujkc/1776856310000/114329272907702603748/*/e@2PACX-1vQnqVwUluQiuho1Wj6A3tZRvDJsLlyAZYmg0soWy4EJ_Un00P8e3Y2EAo3Iv6KvMm5HPwce_0AnzPfb?gid=0&single=true&output=tsv → pending (?ms, ?B)
[2026-04-22T11:11:50.346Z] POST https://firestore.googleapis.com/google.firestore.v1.Firestore/Listen/channel?VER=8&database=projects%2Fwildrift-stats-600c0%2Fdatabases%2F(default)&gsessionid=QnQ7X5O1455kA0ow5zDaQOVusspaQCbmiVMsLpN_7IYHaBSiaFk1Gg&SID=l-WOO5YTuxKivMpOYCtpKA&RID=61516&AID=207&zx=syj8d7s2go7q&t=1 → pending (?ms, ?B)
[2026-04-22T11:11:50.347Z] POST https://firestore.googleapis.com/google.firestore.v1.Firestore/Listen/channel?VER=8&database=projects%2Fwildrift-stats-600c0%2Fdatabases%2F(default)&gsessionid=QnQ7X5O1455kA0ow5zDaQOVusspaQCbmiVMsLpN_7IYHaBSiaFk1Gg&SID=l-WOO5YTuxKivMpOYCtpKA&RID=61517&AID=207&zx=x816qrtqpusy&t=1 → pending (?ms, ?B)
[2026-04-22T11:11:50.355Z] POST https://firestore.googleapis.com/google.firestore.v1.Firestore/Listen/channel?VER=8&database=projects%2Fwildrift-stats-600c0%2Fdatabases%2F(default)&gsessionid=QnQ7X5O1455kA0ow5zDaQOVusspaQCbmiVMsLpN_7IYHaBSiaFk1Gg&SID=l-WOO5YTuxKivMpOYCtpKA&RID=61518&AID=207&zx=ab92jlbfwqwh&t=1 → pending (?ms, ?B)
[2026-04-22T11:11:50.396Z] POST https://firestore.googleapis.com/google.firestore.v1.Firestore/Listen/channel?VER=8&database=projects%2Fwildrift-stats-600c0%2Fdatabases%2F(default)&gsessionid=QnQ7X5O1455kA0ow5zDaQOVusspaQCbmiVMsLpN_7IYHaBSiaFk1Gg&SID=l-WOO5YTuxKivMpOYCtpKA&RID=61519&AID=207&zx=zcgxlf4xc7m2&t=1 → pending (?ms, ?B)
[2026-04-22T11:11:50.396Z] POST https://firestore.googleapis.com/google.firestore.v1.Firestore/Listen/channel?VER=8&database=projects%2Fwildrift-stats-600c0%2Fdatabases%2F(default)&gsessionid=QnQ7X5O1455kA0ow5zDaQOVusspaQCbmiVMsLpN_7IYHaBSiaFk1Gg&SID=l-WOO5YTuxKivMpOYCtpKA&RID=61520&AID=207&zx=7lv7izxufudp&t=1 → pending (?ms, ?B)
[2026-04-22T11:11:50.398Z] POST https://firestore.googleapis.com/google.firestore.v1.Firestore/Listen/channel?VER=8&database=projects%2Fwildrift-stats-600c0%2Fdatabases%2F(default)&gsessionid=QnQ7X5O1455kA0ow5zDaQOVusspaQCbmiVMsLpN_7IYHaBSiaFk1Gg&SID=l-WOO5YTuxKivMpOYCtpKA&RID=61521&AID=207&zx=8xo1wg3bp58&t=1 → pending (?ms, ?B)
[2026-04-22T11:11:50.398Z] POST https://firestore.googleapis.com/google.firestore.v1.Firestore/Listen/channel?VER=8&database=projects%2Fwildrift-stats-600c0%2Fdatabases%2F(default)&gsessionid=QnQ7X5O1455kA0ow5zDaQOVusspaQCbmiVMsLpN_7IYHaBSiaFk1Gg&SID=l-WOO5YTuxKivMpOYCtpKA&RID=61522&AID=207&zx=p3u07wo4udib&t=1 → pending (?ms, ?B)
[2026-04-22T11:11:50.398Z] POST https://firestore.googleapis.com/google.firestore.v1.Firestore/Listen/channel?VER=8&database=projects%2Fwildrift-stats-600c0%2Fdatabases%2F(default)&gsessionid=QnQ7X5O1455kA0ow5zDaQOVusspaQCbmiVMsLpN_7IYHaBSiaFk1Gg&SID=l-WOO5YTuxKivMpOYCtpKA&RID=61523&AID=207&zx=29s8dg3aq3nl&t=1 → pending (?ms, ?B)
[2026-04-22T11:11:50.398Z] POST https://firestore.googleapis.com/google.firestore.v1.Firestore/Listen/channel?VER=8&database=projects%2Fwildrift-stats-600c0%2Fdatabases%2F(default)&gsessionid=QnQ7X5O1455kA0ow5zDaQOVusspaQCbmiVMsLpN_7IYHaBSiaFk1Gg&SID=l-WOO5YTuxKivMpOYCtpKA&RID=61524&AID=207&zx=6myy8wat4lqg&t=1 → pending (?ms, ?B)
[2026-04-22T11:11:50.815Z] GET https://www.wildriftfire.com/images/items/black-cleaver.png → 200 (243ms, 5011B)
[2026-04-22T11:11:50.815Z] GET https://www.wildriftfire.com/images/items/bloodthirster.png → 200 (36ms, 3044B)
[2026-04-22T11:11:50.815Z] GET https://www.wildriftfire.com/images/items/chempunk-chainsword.png → 200 (272ms, 7110B)
[2026-04-22T11:11:50.815Z] GET https://www.wildriftfire.com/images/items/deaths-dance.png → 200 (527ms, 4886B)
[2026-04-22T11:11:50.815Z] GET https://www.wildriftfire.com/images/items/duskblade-of-draktharr.png → 200 (545ms, 4803B)
[2026-04-22T11:11:50.815Z] GET https://www.wildriftfire.com/images/items/eclipse.png → 200 (548ms, 6260B)
[2026-04-22T11:11:50.815Z] GET https://www.wildriftfire.com/images/items/edge-of-night.png → pending (?ms, ?B)
[2026-04-22T11:11:50.815Z] GET https://www.wildriftfire.com/images/items/essence-reaver.png → pending (?ms, ?B)
[2026-04-22T11:11:50.815Z] GET https://www.wildriftfire.com/images/items/experimental-hexplate.png → 200 (560ms, 9507B)
[2026-04-22T11:11:50.815Z] GET https://www.wildriftfire.com/images/items/guardian-angel.png → 200 (38ms, 2800B)
[2026-04-22T11:11:50.816Z] GET https://www.wildriftfire.com/images/items/guinsoos-rageblade.png → 200 (566ms, 7905B)
[2026-04-22T11:11:50.816Z] GET https://www.wildriftfire.com/images/items/hullbreaker.png → 200 (575ms, 5672B)
[2026-04-22T11:11:50.816Z] GET https://www.wildriftfire.com/images/items/immortal-shieldbow.png → pending (?ms, ?B)
[2026-04-22T11:11:50.816Z] GET https://www.wildriftfire.com/images/items/infinity-edge.png → 200 (49ms, 3350B)
[2026-04-22T11:11:50.816Z] GET https://www.wildriftfire.com/images/items/kraken-slayer.png → pending (?ms, ?B)
[2026-04-22T11:11:50.816Z] GET https://www.wildriftfire.com/images/items/magnetic-blaster.png → 200 (63ms, 3160B)
[2026-04-22T11:11:50.816Z] GET https://www.wildriftfire.com/images/items/manamune.png → 200 (577ms, 4730B)
[2026-04-22T11:11:50.816Z] GET https://www.wildriftfire.com/images/items/maw-of-malmortius.png → 200 (258ms, 5736B)
[2026-04-22T11:11:50.816Z] GET https://www.wildriftfire.com/images/items/mortal-reminder.png → 200 (67ms, 2654B)
[2026-04-22T11:11:50.816Z] GET https://www.wildriftfire.com/images/items/muramana.png → 200 (583ms, 5730B)
[2026-04-22T11:11:50.816Z] GET https://www.wildriftfire.com/images/items/navori-quickblades.png → pending (?ms, ?B)
[2026-04-22T11:11:50.823Z] GET https://www.wildriftfire.com/images/items/phantom-dancer.png → 200 (587ms, 5187B)
[2026-04-22T11:11:50.823Z] GET https://www.wildriftfire.com/images/items/runaans-hurricane.png → 200 (583ms, 5789B)
[2026-04-22T11:11:50.824Z] GET https://www.wildriftfire.com/images/items/serpents-fang.png → 200 (591ms, 5698B)
[2026-04-22T11:11:50.824Z] GET https://www.wildriftfire.com/images/items/seryldas-grudge.png → pending (?ms, ?B)
[2026-04-22T11:11:50.824Z] GET https://www.wildriftfire.com/images/items/soul-transfer.png → pending (?ms, ?B)
[2026-04-22T11:11:50.824Z] GET https://www.wildriftfire.com/images/items/spear-of-shojin.png → 200 (443ms, ?B)
[2026-04-22T11:11:50.824Z] GET https://www.wildriftfire.com/images/items/stormrazor.png → pending (?ms, ?B)
[2026-04-22T11:11:50.824Z] GET https://www.wildriftfire.com/images/items/terminus.png → pending (?ms, ?B)
[2026-04-22T11:11:50.824Z] GET https://www.wildriftfire.com/images/items/the-collector.png → 200 (60ms, 2036B)
[2026-04-22T11:11:50.824Z] GET https://www.wildriftfire.com/images/items/trinity-force.png → pending (?ms, ?B)
[2026-04-22T11:11:50.824Z] GET https://www.wildriftfire.com/images/items/wits-end.png → pending (?ms, ?B)
[2026-04-22T11:11:50.824Z] GET https://www.wildriftfire.com/images/items/youmuus-ghostblade.png → 200 (605ms, 5430B)
[2026-04-22T11:11:50.824Z] GET https://www.wildriftfire.com/images/items/steraks-gage.png → 200 (580ms, 5663B)
[2026-04-22T11:11:50.824Z] GET https://www.wildriftfire.com/images/items/titanic-hydra.png → pending (?ms, ?B)
[2026-04-22T11:11:50.824Z] GET https://www.wildriftfire.com/images/items/riftmaker.png → 200 (70ms, 2448B)
[2026-04-22T11:11:50.824Z] GET https://www.wildriftfire.com/images/items/rabadons-deathcap.png → 200 (74ms, 2690B)
[2026-04-22T11:11:50.824Z] GET https://www.wildriftfire.com/images/items/void-staff.png → pending (?ms, ?B)
[2026-04-22T11:11:50.824Z] GET https://www.wildriftfire.com/images/items/ludens-echo.png → 200 (72ms, 5371B)
[2026-04-22T11:11:50.824Z] GET https://www.wildriftfire.com/images/items/crown-of-the-shattered-queen.png → pending (?ms, ?B)
[2026-04-22T11:11:50.824Z] GET https://www.wildriftfire.com/images/items/cosmic-drive.png → 200 (588ms, 4594B)
[2026-04-22T11:11:50.824Z] GET https://www.wildriftfire.com/images/items/archangels-staff.png → pending (?ms, ?B)
[2026-04-22T11:11:50.824Z] GET https://www.wildriftfire.com/images/items/nashors-tooth.png → 200 (599ms, 5106B)
[2026-04-22T11:11:50.825Z] GET https://www.wildriftfire.com/images/items/morellonomicon.png → 200 (73ms, 3156B)
[2026-04-22T11:11:50.825Z] GET https://www.wildriftfire.com/images/items/lich-bane.png → 200 (65ms, 2796B)
[2026-04-22T11:11:50.825Z] GET https://www.wildriftfire.com/images/items/rylais-crystal-scepter.png → 200 (71ms, 2792B)
[2026-04-22T11:11:50.825Z] GET https://www.wildriftfire.com/images/items/seraphs-embrace.png → pending (?ms, ?B)
[2026-04-22T11:11:50.825Z] GET https://www.wildriftfire.com/images/items/rod-of-ages.png → 200 (275ms, 5224B)
[2026-04-22T11:11:50.825Z] GET https://www.wildriftfire.com/images/items/malignance.png → 200 (360ms, 9153B)
[2026-04-22T11:11:50.825Z] GET https://www.wildriftfire.com/images/items/horizon-focus.png → pending (?ms, ?B)
[2026-04-22T11:11:50.825Z] GET https://www.wildriftfire.com/images/items/infinity-orb.png → 200 (74ms, 5775B)
[2026-04-22T11:11:50.825Z] GET https://www.wildriftfire.com/images/items/mejais-soulstealer.png → 200 (594ms, 7182B)
[2026-04-22T11:11:50.825Z] GET https://www.wildriftfire.com/images/items/awakened-soulstealer.png → 200 (80ms, 5123B)
[2026-04-22T11:11:50.825Z] GET https://www.wildriftfire.com/images/items/bandle-fantasy.png → pending (?ms, ?B)
[2026-04-22T11:11:50.825Z] GET https://www.wildriftfire.com/images/items/oceanids-trident.png → 200 (81ms, 2382B)
[2026-04-22T11:11:50.825Z] GET https://www.wildriftfire.com/images/items/psychic-projector.png → pending (?ms, ?B)
[2026-04-22T11:11:50.825Z] GET https://www.wildriftfire.com/images/items/frozen-heart.png → 200 (82ms, 5666B)
[2026-04-22T11:11:50.825Z] GET https://www.wildriftfire.com/images/items/dead-mans-plate.png → 200 (363ms, 5168B)
[2026-04-22T11:11:50.825Z] GET https://www.wildriftfire.com/images/items/force-of-nature.png → 200 (84ms, 3102B)
[2026-04-22T11:11:50.825Z] GET https://www.wildriftfire.com/images/items/dawnshroud.png → 200 (85ms, 2902B)
[2026-04-22T11:11:50.825Z] GET https://www.wildriftfire.com/images/items/fimbulwinter.png → pending (?ms, ?B)
[2026-04-22T11:11:50.825Z] GET https://www.wildriftfire.com/images/items/heartsteel.png → pending (?ms, ?B)
[2026-04-22T11:11:50.826Z] GET https://www.wildriftfire.com/images/items/overlords-bloodmail.png → 200 (607ms, 8875B)
[2026-04-22T11:11:50.826Z] GET https://www.wildriftfire.com/images/items/radiant-virtue.png → pending (?ms, ?B)
[2026-04-22T11:11:50.826Z] GET https://www.wildriftfire.com/images/items/winters-approach.png → pending (?ms, ?B)
[2026-04-22T11:11:50.826Z] GET https://www.wildriftfire.com/images/items/amaranths-twinguard.png → 200 (88ms, 2304B)
[2026-04-22T11:11:50.826Z] GET https://www.wildriftfire.com/images/items/kaenic-rookern.png → pending (?ms, ?B)
[2026-04-22T11:11:50.826Z] GET https://www.wildriftfire.com/images/items/hollow-radiance.png → 200 (102ms, 2390B)
[2026-04-22T11:11:50.826Z] GET https://www.wildriftfire.com/images/items/yordle-trap.png → pending (?ms, ?B)
[2026-04-22T11:11:50.826Z] GET https://www.wildriftfire.com/images/items/ardent-censer.png → 200 (106ms, 2826B)
[2026-04-22T11:11:50.826Z] GET https://www.wildriftfire.com/images/items/harmonic-echo.png → 200 (103ms, 2820B)
[2026-04-22T11:11:50.826Z] GET https://www.wildriftfire.com/images/items/imperial-mandate.png → pending (?ms, ?B)
[2026-04-22T11:11:50.826Z] GET https://www.wildriftfire.com/images/items/knights-vow.png → pending (?ms, ?B)
[2026-04-22T11:11:50.826Z] GET https://www.wildriftfire.com/images/items/redemption.png → 200 (109ms, 2948B)
[2026-04-22T11:11:50.826Z] GET https://www.wildriftfire.com/images/items/staff-of-flowing-water.png → 200 (106ms, 2050B)
[2026-04-22T11:11:50.826Z] GET https://www.wildriftfire.com/images/items/locket.png → 200 (110ms, 3470B)
[2026-04-22T11:11:50.826Z] GET https://www.wildriftfire.com/images/items/relic-shield.png → 200 (110ms, 1518B)
[2026-04-22T11:11:50.826Z] GET https://www.wildriftfire.com/images/items/spectral-sickle.png → 200 (101ms, 906B)
[2026-04-22T11:11:50.827Z] GET https://www.wildriftfire.com/images/items/berserkers-greaves.png → pending (?ms, ?B)
[2026-04-22T11:11:50.827Z] GET https://www.wildriftfire.com/images/items/mercurys-treads.png → 200 (139ms, 27626B)
[2026-04-22T11:11:50.827Z] GET https://www.wildriftfire.com/images/items/plated-steelcaps.png → 200 (114ms, 40446B)
[2026-04-22T11:11:50.827Z] GET https://www.wildriftfire.com/images/items/ionian-boots-of-lucidity.png → 200 (154ms, 2678B)
[2026-04-22T11:11:50.827Z] GET https://www.wildriftfire.com/images/items/boots-of-mana.png → 200 (114ms, 1488B)
[2026-04-22T11:11:50.827Z] GET https://www.wildriftfire.com/images/items/gluttonous-greaves.png → 200 (166ms, 7996B)
[2026-04-22T11:11:50.827Z] GET https://www.wildriftfire.com/images/items/galeforce.png → 200 (154ms, 10950B)
[2026-04-22T11:11:50.827Z] GET https://www.wildriftfire.com/images/items/glorious.png → pending (?ms, ?B)
[2026-04-22T11:11:50.827Z] GET https://www.wildriftfire.com/images/items/goredrinker.png → pending (?ms, ?B)
[2026-04-22T11:11:50.836Z] GET https://www.wildriftfire.com/images/items/protobelt.png → 200 (168ms, 3382B)
[2026-04-22T11:11:50.837Z] GET https://www.wildriftfire.com/images/items/quicksilver.png → 200 (166ms, 2170B)
[2026-04-22T11:11:50.837Z] GET https://www.wildriftfire.com/images/items/stasis.png → 200 (167ms, 6020B)
[2026-04-22T11:11:50.837Z] GET https://www.wildriftfire.com/images/items/gargoyle.png → 200 (167ms, 3074B)
[2026-04-22T11:11:50.837Z] GET https://www.wildriftfire.com/images/items/stridebreaker.png → pending (?ms, ?B)
[2026-04-22T11:11:50.837Z] GET https://www.wildriftfire.com/images/items/veil.png → 200 (179ms, 11311B)
[2026-04-22T11:11:50.837Z] GET https://www.wildriftfire.com/images/runes/electrocute.png → pending (?ms, ?B)
[2026-04-22T11:11:50.837Z] GET https://www.wildriftfire.com/images/runes/aery.png → 200 (180ms, 4792B)
[2026-04-22T11:11:50.837Z] GET https://www.wildriftfire.com/images/runes/conqueror.png → 200 (182ms, 5364B)
[2026-04-22T11:11:50.837Z] GET https://www.wildriftfire.com/images/runes/fleet-footwork.png → pending (?ms, ?B)
[2026-04-22T11:11:50.837Z] GET https://www.wildriftfire.com/images/runes/grasp-of-the-undying.png → pending (?ms, ?B)
[2026-04-22T11:11:50.837Z] GET https://www.wildriftfire.com/images/runes/aftershock.png → pending (?ms, ?B)
[2026-04-22T11:11:50.837Z] GET https://www.wildriftfire.com/images/runes/lethal-tempo.png → 200 (191ms, 3398B)
[2026-04-22T11:11:50.837Z] GET https://www.wildriftfire.com/images/runes/first-strike.png → 200 (182ms, 9380B)
[2026-04-22T11:11:50.837Z] GET https://www.wildriftfire.com/images/runes/glacial-augment.png → pending (?ms, ?B)
[2026-04-22T11:11:50.837Z] GET https://www.wildriftfire.com/images/runes/arcane-comet.png → 200 (191ms, 4442B)
[2026-04-22T11:11:50.837Z] GET https://www.wildriftfire.com/images/runes/dark-harvest.png → pending (?ms, ?B)
[2026-04-22T11:11:50.838Z] GET https://www.wildriftfire.com/images/runes/phase-rush.png → pending (?ms, ?B)
[2026-04-22T11:11:50.838Z] GET https://www.wildriftfire.com/images/runes/empowerment.png → pending (?ms, ?B)
[2026-04-22T11:11:50.838Z] GET https://www.wildriftfire.com/images/runes/chain-assault.png → 200 (260ms, 4790B)
[2026-04-22T11:11:50.838Z] GET https://www.wildriftfire.com/images/runes/sudden-impact.png → 200 (256ms, 4846B)
[2026-04-22T11:11:50.838Z] GET https://www.wildriftfire.com/images/runes/psychic-wave.png → pending (?ms, ?B)
[2026-04-22T11:11:50.838Z] GET https://www.wildriftfire.com/images/runes/scorch.png → pending (?ms, ?B)
[2026-04-22T11:11:50.838Z] GET https://www.wildriftfire.com/images/runes/shield-bash.png → pending (?ms, ?B)
[2026-04-22T11:11:50.838Z] GET https://www.wildriftfire.com/images/runes/cheap-shot.png → 200 (264ms, 4328B)
[2026-04-22T11:11:50.838Z] GET https://www.wildriftfire.com/images/runes/empowered-attack.png → pending (?ms, ?B)
[2026-04-22T11:11:50.838Z] GET https://www.wildriftfire.com/images/runes/tyrant.png → pending (?ms, ?B)
[2026-04-22T11:11:50.838Z] GET https://www.wildriftfire.com/images/runes/eyeball-collector.png → pending (?ms, ?B)
[2026-04-22T11:11:50.838Z] GET https://www.wildriftfire.com/images/runes/ingenious-hunter.png → pending (?ms, ?B)
[2026-04-22T11:11:50.839Z] GET https://www.wildriftfire.com/images/runes/zombie-ward.png → 200 (265ms, 3930B)
[2026-04-22T11:11:50.839Z] GET https://www.wildriftfire.com/images/runes/brutal.png → 200 (270ms, 4124B)
[2026-04-22T11:11:50.839Z] GET https://www.wildriftfire.com/images/runes/gathering-storm.png → pending (?ms, ?B)
[2026-04-22T11:11:50.839Z] GET https://www.wildriftfire.com/images/runes/triumph.png → pending (?ms, ?B)
[2026-04-22T11:11:50.839Z] GET https://www.wildriftfire.com/images/runes/coup-de-grace.png → 200 (194ms, 4432B)
[2026-04-22T11:11:50.839Z] GET https://www.wildriftfire.com/images/runes/giant-slayer.png → pending (?ms, ?B)
[2026-04-22T11:11:50.839Z] GET https://www.wildriftfire.com/images/runes/last-stand.png → pending (?ms, ?B)
[2026-04-22T11:11:50.839Z] GET https://www.wildriftfire.com/images/runes/legend-alacrity.png → 200 (189ms, 3808B)
[2026-04-22T11:11:50.839Z] GET https://www.wildriftfire.com/images/runes/legend-bloodline.png → 200 (212ms, 3378B)
[2026-04-22T11:11:50.839Z] GET https://www.wildriftfire.com/images/runes/courage-of-the-colossus.png → 200 (189ms, 7850B)
[2026-04-22T11:11:50.839Z] GET https://www.wildriftfire.com/images/runes/font-of-life.png → 200 (195ms, 12790B)
[2026-04-22T11:11:50.839Z] GET https://www.wildriftfire.com/images/runes/nullifying-orb.png → pending (?ms, ?B)
[2026-04-22T11:11:50.839Z] GET https://www.wildriftfire.com/images/runes/unshakeable.png → 200 (212ms, 5016B)
[2026-04-22T11:11:50.839Z] GET https://www.wildriftfire.com/images/runes/loyalty.png → pending (?ms, ?B)
[2026-04-22T11:11:50.839Z] GET https://www.wildriftfire.com/images/runes/second-wind.png → 200 (272ms, 2754B)
[2026-04-22T11:11:50.839Z] GET https://www.wildriftfire.com/images/runes/overgrowth.png → 200 (212ms, 4436B)
[2026-04-22T11:11:50.839Z] GET https://www.wildriftfire.com/images/runes/perseverance.png → 200 (275ms, 5328B)
[2026-04-22T11:11:50.840Z] GET https://www.wildriftfire.com/images/runes/revitalize.png → 200 (217ms, 4012B)
[2026-04-22T11:11:50.840Z] GET https://www.wildriftfire.com/images/runes/demolish.png → 200 (399ms, 21763B)
[2026-04-22T11:11:50.840Z] GET https://www.wildriftfire.com/images/runes/hextech-flashtraption.png → 200 (215ms, 4996B)
[2026-04-22T11:11:50.840Z] GET https://www.wildriftfire.com/images/runes/item-crafting.png → pending (?ms, ?B)
[2026-04-22T11:11:50.840Z] GET https://www.wildriftfire.com/images/runes/sweet-tooth.png → pending (?ms, ?B)
[2026-04-22T11:11:50.840Z] GET https://www.wildriftfire.com/images/runes/axiom-arcanist.png → pending (?ms, ?B)
[2026-04-22T11:11:50.840Z] GET https://www.wildriftfire.com/images/runes/celerity.png → pending (?ms, ?B)
[2026-04-22T11:11:50.840Z] GET https://www.wildriftfire.com/images/runes/futures-market.png → pending (?ms, ?B)
[2026-04-22T11:11:50.840Z] GET https://www.wildriftfire.com/images/runes/transcendence.png → 200 (275ms, 1856B)
[2026-04-22T11:11:50.840Z] GET https://www.wildriftfire.com/images/runes/ixtali-seedjar.png → 200 (403ms, 10331B)
[2026-04-22T11:11:50.840Z] GET https://www.wildriftfire.com/images/runes/manaflow-band.png → pending (?ms, ?B)
[2026-04-22T11:11:50.840Z] GET https://www.wildriftfire.com/images/runes/nimbus-cloak.png → 200 (243ms, 9482B)
[2026-04-22T11:11:50.840Z] GET https://www.wildriftfire.com/images/runes/bone-plating.png → 200 (259ms, 4254B)
[2026-04-22T11:11:50.840Z] POST https://firestore.googleapis.com/google.firestore.v1.Firestore/Listen/channel?VER=8&database=projects%2Fwildrift-stats-600c0%2Fdatabases%2F(default)&gsessionid=QnQ7X5O1455kA0ow5zDaQOVusspaQCbmiVMsLpN_7IYHaBSiaFk1Gg&SID=l-WOO5YTuxKivMpOYCtpKA&RID=61525&AID=222&zx=p06muo6e6313&t=1 → 200 (193ms, 13B)
[2026-04-22T11:11:50.923Z] GET https://ddragon.leagueoflegends.com/cdn/14.24.1/img/champion/Tristana.png → 200 (142ms, 30313B)
[2026-04-22T11:11:50.923Z] GET https://ddragon.leagueoflegends.com/cdn/14.24.1/img/champion/Draven.png → 200 (275ms, 26400B)
[2026-04-22T11:11:50.923Z] GET https://ddragon.leagueoflegends.com/cdn/14.24.1/img/champion/Jhin.png → 200 (332ms, 25526B)
[2026-04-22T11:11:50.923Z] GET https://ddragon.leagueoflegends.com/cdn/14.24.1/img/champion/Xayah.png → pending (?ms, ?B)
[2026-04-22T11:11:50.926Z] GET https://ddragon.leagueoflegends.com/cdn/14.24.1/img/champion/Kalista.png → 200 (356ms, 28603B)
[2026-04-22T11:11:50.926Z] GET https://ddragon.leagueoflegends.com/cdn/14.24.1/img/champion/Ezreal.png → 200 (373ms, 31064B)
[2026-04-22T11:11:50.926Z] GET https://ddragon.leagueoflegends.com/cdn/14.24.1/img/champion/Samira.png → 200 (368ms, 24690B)
[2026-04-22T11:11:50.926Z] GET https://ddragon.leagueoflegends.com/cdn/14.24.1/img/champion/Caitlyn.png → pending (?ms, ?B)
[2026-04-22T11:11:50.926Z] GET https://ddragon.leagueoflegends.com/cdn/14.24.1/img/champion/Jinx.png → 200 (455ms, 27938B)
[2026-04-22T11:11:50.926Z] GET https://ddragon.leagueoflegends.com/cdn/14.24.1/img/champion/Twitch.png → pending (?ms, ?B)
[2026-04-22T11:11:50.926Z] GET https://ddragon.leagueoflegends.com/cdn/14.24.1/img/champion/Lucian.png → pending (?ms, ?B)
[2026-04-22T11:11:50.926Z] GET https://ddragon.leagueoflegends.com/cdn/14.24.1/img/champion/MissFortune.png → pending (?ms, ?B)
[2026-04-22T11:11:50.926Z] GET https://ddragon.leagueoflegends.com/cdn/14.24.1/img/champion/Kaisa.png → pending (?ms, ?B)
[2026-04-22T11:11:50.926Z] GET https://ddragon.leagueoflegends.com/cdn/14.24.1/img/champion/Varus.png → pending (?ms, ?B)
[2026-04-22T11:11:50.926Z] GET https://ddragon.leagueoflegends.com/cdn/14.24.1/img/champion/Zeri.png → pending (?ms, ?B)
[2026-04-22T11:11:50.926Z] GET https://ddragon.leagueoflegends.com/cdn/14.24.1/img/champion/Sivir.png → pending (?ms, ?B)
[2026-04-22T11:11:50.926Z] GET https://ddragon.leagueoflegends.com/cdn/14.24.1/img/champion/KogMaw.png → pending (?ms, ?B)
[2026-04-22T11:11:50.926Z] GET https://ddragon.leagueoflegends.com/cdn/14.24.1/img/champion/Smolder.png → pending (?ms, ?B)
[2026-04-22T11:11:50.926Z] GET https://ddragon.leagueoflegends.com/cdn/14.24.1/img/champion/Ashe.png → pending (?ms, ?B)
[2026-04-22T11:11:50.926Z] GET https://ddragon.leagueoflegends.com/cdn/14.24.1/img/champion/Vayne.png → pending (?ms, ?B)
[2026-04-22T11:11:50.926Z] GET https://ddragon.leagueoflegends.com/cdn/14.24.1/img/champion/Corki.png → pending (?ms, ?B)
[2026-04-22T11:11:50.927Z] GET https://ddragon.leagueoflegends.com/cdn/14.24.1/img/champion/Senna.png → pending (?ms, ?B)
[2026-04-22T11:12:50.821Z] POST https://firestore.googleapis.com/google.firestore.v1.Firestore/Listen/channel?VER=8&database=projects%2Fwildrift-stats-600c0%2Fdatabases%2F(default)&gsessionid=QnQ7X5O1455kA0ow5zDaQOVusspaQCbmiVMsLpN_7IYHaBSiaFk1Gg&SID=l-WOO5YTuxKivMpOYCtpKA&RID=61526&TYPE=terminate&zx=3xd9lj85xfpo → pending (?ms, ?B)
